<?xml version="1.0" encoding="UTF-8"?>
<!-- Generated by org.testng.reporters.JUnitReportReporter -->
<testsuite skipped="0" hostname="DESKTOP-PU16VBP" name="suite2.Test2" tests="1" failures="0" timestamp="2021-01-04T18:42:27 CST" time="0.001" errors="0">
  <testcase name="tSest2" time="0.001" classname="suite2.Test2"/>
  <system-out/>
</testsuite> <!-- suite2.Test2 -->
