<?xml version="1.0" encoding="UTF-8"?>
<!-- Generated by org.testng.reporters.JUnitReportReporter -->
<testsuite skipped="0" hostname="DESKTOP-PU16VBP" name="suite1.test1" tests="1" failures="0" timestamp="2021-01-04T18:42:27 CST" time="0.007" errors="0">
  <testcase name="Test1" time="0.007" classname="suite1.test1"/>
  <system-out/>
</testsuite> <!-- suite1.test1 -->
